<?xml version="1.0" encoding="UTF-8"?>
<!-- Generated by org.testng.reporters.JUnitReportReporter -->
<testsuite hostname="NL-PC" name="TestPackage.Facebook" tests="1" failures="0" timestamp="6 Aug 2019 13:55:51 GMT" time="38.933" errors="0">
  <testcase name="login" time="38.933" classname="TestPackage.Facebook"/>
</testsuite> <!-- TestPackage.Facebook -->
