<?xml version="1.0" encoding="UTF-8"?>
<!-- Generated by org.testng.reporters.JUnitReportReporter -->
<testsuite hostname="NL-PC" name="TestPackage.FacebookLogin" tests="1" failures="0" timestamp="6 Aug 2019 10:15:35 GMT" time="96.784" errors="0">
  <testcase name="login" time="96.784" classname="TestPackage.FacebookLogin"/>
</testsuite> <!-- TestPackage.FacebookLogin -->
