<?xml version="1.0" encoding="UTF-8"?>
<!-- Generated by org.testng.reporters.JUnitReportReporter -->
<testsuite hostname="NL-PC" name="TestPackage.FacebookLogin" tests="1" failures="0" timestamp="6 Aug 2019 12:34:15 GMT" time="57.422" errors="0">
  <testcase name="login" time="57.422" classname="TestPackage.FacebookLogin"/>
</testsuite> <!-- TestPackage.FacebookLogin -->
